<?xml version="1.0" encoding="UTF-8"?>
<robot generator="Robot 4.1.1 (Python 3.9.7 on win32)" generated="20210916 20:52:09.129" rpa="false" schemaversion="2">
<suite id="s1" name="Saucedemo Test" source="C:\Users\Kasutaja\PycharmProjects\pythonProject777\testcases\saucedemo_test.robot">
<test id="s1-t1" name="Standard User Test Case">
<kw name="Open Browser and Maximize" library="resources2" type="SETUP">
<arg>${URL}</arg>
<arg>${Browser}</arg>
<kw name="Log" library="BuiltIn">
<arg>Starting test with ${WebsiteLink} and ${BrowserName} browser.</arg>
<doc>Logs the given message with the given level.</doc>
<msg timestamp="20210916 20:52:09.379" level="INFO">Starting test with http://saucedemo.com and Chrome browser.</msg>
<status status="PASS" starttime="20210916 20:52:09.379" endtime="20210916 20:52:09.379"/>
</kw>
<kw name="Open Browser" library="SeleniumLibrary">
<arg>${WebsiteLink}</arg>
<arg>${BrowserName}</arg>
<doc>Opens a new browser instance to the optional ``url``.</doc>
<msg timestamp="20210916 20:52:09.379" level="INFO">Opening browser 'Chrome' to base url 'http://saucedemo.com'.</msg>
<status status="PASS" starttime="20210916 20:52:09.379" endtime="20210916 20:52:11.435"/>
</kw>
<kw name="Maximize Browser Window" library="SeleniumLibrary">
<doc>Maximizes current browser window.</doc>
<status status="PASS" starttime="20210916 20:52:11.435" endtime="20210916 20:52:11.553"/>
</kw>
<kw name="Get Title" library="SeleniumLibrary">
<var>${Title}</var>
<doc>Returns the title of the current page.</doc>
<msg timestamp="20210916 20:52:11.553" level="INFO">${Title} = Swag Labs</msg>
<status status="PASS" starttime="20210916 20:52:11.553" endtime="20210916 20:52:11.553"/>
</kw>
<kw name="Log" library="BuiltIn">
<arg>${Title}</arg>
<doc>Logs the given message with the given level.</doc>
<msg timestamp="20210916 20:52:11.553" level="INFO">Swag Labs</msg>
<status status="PASS" starttime="20210916 20:52:11.553" endtime="20210916 20:52:11.553"/>
</kw>
<status status="PASS" starttime="20210916 20:52:09.379" endtime="20210916 20:52:11.553"/>
</kw>
<kw name="Login Attempt" library="resources2">
<arg>${StandardUser}</arg>
<arg>${Password}</arg>
<kw name="Input Text" library="SeleniumLibrary">
<arg>id:user-name</arg>
<arg>${Login}</arg>
<doc>Types the given ``text`` into the text field identified by ``locator``.</doc>
<msg timestamp="20210916 20:52:11.553" level="INFO">Typing text 'standard_user' into text field 'id:user-name'.</msg>
<status status="PASS" starttime="20210916 20:52:11.553" endtime="20210916 20:52:11.713"/>
</kw>
<kw name="Input Text" library="SeleniumLibrary">
<arg>id:password</arg>
<arg>${Pass}</arg>
<doc>Types the given ``text`` into the text field identified by ``locator``.</doc>
<msg timestamp="20210916 20:52:11.714" level="INFO">Typing text 'secret_sauce' into text field 'id:password'.</msg>
<status status="PASS" starttime="20210916 20:52:11.713" endtime="20210916 20:52:11.812"/>
</kw>
<kw name="Click Button" library="SeleniumLibrary">
<arg>id:login-button</arg>
<doc>Clicks the button identified by ``locator``.</doc>
<msg timestamp="20210916 20:52:11.812" level="INFO">Clicking button 'id:login-button'.</msg>
<status status="PASS" starttime="20210916 20:52:11.812" endtime="20210916 20:52:11.925"/>
</kw>
<kw name="Sleep" library="BuiltIn">
<arg>3</arg>
<doc>Pauses the test executed for the given time.</doc>
<msg timestamp="20210916 20:52:14.938" level="INFO">Slept 3 seconds</msg>
<status status="PASS" starttime="20210916 20:52:11.925" endtime="20210916 20:52:14.938"/>
</kw>
<kw name="Page Should Not Contain Element" library="SeleniumLibrary">
<arg>x-path://*[@id="login_button_container"]/div/form/div[3]/h3</arg>
<doc>Verifies that element ``locator`` is not found on the current page.</doc>
<msg timestamp="20210916 20:52:14.956" level="INFO">Current page does not contain element 'x-path://*[@id="login_button_container"]/div/form/div[3]/h3'.</msg>
<status status="PASS" starttime="20210916 20:52:14.939" endtime="20210916 20:52:14.956"/>
</kw>
<status status="PASS" starttime="20210916 20:52:11.553" endtime="20210916 20:52:14.956"/>
</kw>
<kw name="Pick Product" library="resources2">
<arg>xpath://*[@id="item_5_title_link"]/div</arg>
<arg>id:add-to-cart-sauce-labs-fleece-jacket</arg>
<kw name="Get Text" library="SeleniumLibrary">
<var>${ProductName}</var>
<arg>${ProductNameIdentifier}</arg>
<doc>Returns the text value of the element identified by ``locator``.</doc>
<msg timestamp="20210916 20:52:14.995" level="INFO">${ProductName} = Sauce Labs Fleece Jacket</msg>
<status status="PASS" starttime="20210916 20:52:14.957" endtime="20210916 20:52:14.995"/>
</kw>
<kw name="Log" library="BuiltIn">
<arg>${ProductName}</arg>
<doc>Logs the given message with the given level.</doc>
<msg timestamp="20210916 20:52:14.996" level="INFO">Sauce Labs Fleece Jacket</msg>
<status status="PASS" starttime="20210916 20:52:14.996" endtime="20210916 20:52:14.996"/>
</kw>
<kw name="Click Button" library="SeleniumLibrary">
<arg>${AddProductIdentifier}</arg>
<doc>Clicks the button identified by ``locator``.</doc>
<msg timestamp="20210916 20:52:14.997" level="INFO">Clicking button 'id:add-to-cart-sauce-labs-fleece-jacket'.</msg>
<status status="PASS" starttime="20210916 20:52:14.997" endtime="20210916 20:52:15.116"/>
</kw>
<status status="PASS" starttime="20210916 20:52:14.957" endtime="20210916 20:52:15.116"/>
</kw>
<kw name="Change Sorting" library="resources2">
<arg>hilo</arg>
<kw name="Select From List By Value" library="SeleniumLibrary">
<arg>xpath://*[@id="header_container"]/div[2]/div[2]/span/select</arg>
<arg>${SortingValue}</arg>
<doc>Selects options from selection list ``locator`` by ``values``.</doc>
<msg timestamp="20210916 20:52:15.120" level="INFO">Selecting options from selection list 'xpath://*[@id="header_container"]/div[2]/div[2]/span/select' by value hilo.</msg>
<status status="PASS" starttime="20210916 20:52:15.119" endtime="20210916 20:52:15.224"/>
</kw>
<status status="PASS" starttime="20210916 20:52:15.118" endtime="20210916 20:52:15.225"/>
</kw>
<kw name="Pick Product" library="resources2">
<arg>xpath://*[@id="item_4_title_link"]/div</arg>
<arg>id:add-to-cart-sauce-labs-backpack</arg>
<kw name="Get Text" library="SeleniumLibrary">
<var>${ProductName}</var>
<arg>${ProductNameIdentifier}</arg>
<doc>Returns the text value of the element identified by ``locator``.</doc>
<msg timestamp="20210916 20:52:15.258" level="INFO">${ProductName} = Sauce Labs Backpack</msg>
<status status="PASS" starttime="20210916 20:52:15.226" endtime="20210916 20:52:15.258"/>
</kw>
<kw name="Log" library="BuiltIn">
<arg>${ProductName}</arg>
<doc>Logs the given message with the given level.</doc>
<msg timestamp="20210916 20:52:15.259" level="INFO">Sauce Labs Backpack</msg>
<status status="PASS" starttime="20210916 20:52:15.258" endtime="20210916 20:52:15.259"/>
</kw>
<kw name="Click Button" library="SeleniumLibrary">
<arg>${AddProductIdentifier}</arg>
<doc>Clicks the button identified by ``locator``.</doc>
<msg timestamp="20210916 20:52:15.259" level="INFO">Clicking button 'id:add-to-cart-sauce-labs-backpack'.</msg>
<status status="PASS" starttime="20210916 20:52:15.259" endtime="20210916 20:52:15.328"/>
</kw>
<status status="PASS" starttime="20210916 20:52:15.225" endtime="20210916 20:52:15.328"/>
</kw>
<kw name="Change Sorting" library="resources2">
<arg>za</arg>
<kw name="Select From List By Value" library="SeleniumLibrary">
<arg>xpath://*[@id="header_container"]/div[2]/div[2]/span/select</arg>
<arg>${SortingValue}</arg>
<doc>Selects options from selection list ``locator`` by ``values``.</doc>
<msg timestamp="20210916 20:52:15.330" level="INFO">Selecting options from selection list 'xpath://*[@id="header_container"]/div[2]/div[2]/span/select' by value za.</msg>
<status status="PASS" starttime="20210916 20:52:15.329" endtime="20210916 20:52:15.401"/>
</kw>
<status status="PASS" starttime="20210916 20:52:15.328" endtime="20210916 20:52:15.401"/>
</kw>
<kw name="Pick Product" library="resources2">
<arg>xpath://*[@id="item_0_title_link"]/div</arg>
<arg>id:add-to-cart-sauce-labs-bike-light</arg>
<kw name="Get Text" library="SeleniumLibrary">
<var>${ProductName}</var>
<arg>${ProductNameIdentifier}</arg>
<doc>Returns the text value of the element identified by ``locator``.</doc>
<msg timestamp="20210916 20:52:15.430" level="INFO">${ProductName} = Sauce Labs Bike Light</msg>
<status status="PASS" starttime="20210916 20:52:15.402" endtime="20210916 20:52:15.430"/>
</kw>
<kw name="Log" library="BuiltIn">
<arg>${ProductName}</arg>
<doc>Logs the given message with the given level.</doc>
<msg timestamp="20210916 20:52:15.431" level="INFO">Sauce Labs Bike Light</msg>
<status status="PASS" starttime="20210916 20:52:15.430" endtime="20210916 20:52:15.431"/>
</kw>
<kw name="Click Button" library="SeleniumLibrary">
<arg>${AddProductIdentifier}</arg>
<doc>Clicks the button identified by ``locator``.</doc>
<msg timestamp="20210916 20:52:15.431" level="INFO">Clicking button 'id:add-to-cart-sauce-labs-bike-light'.</msg>
<status status="PASS" starttime="20210916 20:52:15.431" endtime="20210916 20:52:15.492"/>
</kw>
<status status="PASS" starttime="20210916 20:52:15.402" endtime="20210916 20:52:15.493"/>
</kw>
<kw name="Sleep" library="BuiltIn">
<arg>3</arg>
<doc>Pauses the test executed for the given time.</doc>
<msg timestamp="20210916 20:52:18.508" level="INFO">Slept 3 seconds</msg>
<status status="PASS" starttime="20210916 20:52:15.493" endtime="20210916 20:52:18.508"/>
</kw>
<kw name="Checkout Shopping Cart" library="resources2">
<arg>Roman</arg>
<arg>Kutselepa</arg>
<arg>13625</arg>
<arg>3</arg>
<arg>97.17</arg>
<kw name="Element Should Contain" library="SeleniumLibrary">
<arg>xpath://*[@id="shopping_cart_container"]/a/span</arg>
<arg>3</arg>
<doc>Verifies that element ``locator`` contains text ``expected``.</doc>
<msg timestamp="20210916 20:52:18.524" level="INFO">Element 'xpath://*[@id="shopping_cart_container"]/a/span' contains text '3'.</msg>
<status status="PASS" starttime="20210916 20:52:18.508" endtime="20210916 20:52:18.524"/>
</kw>
<kw name="Click Link" library="SeleniumLibrary">
<arg>xpath://*[@id="shopping_cart_container"]/a</arg>
<doc>Clicks a link identified by ``locator``.</doc>
<msg timestamp="20210916 20:52:18.524" level="INFO">Clicking link 'xpath://*[@id="shopping_cart_container"]/a'.</msg>
<status status="PASS" starttime="20210916 20:52:18.524" endtime="20210916 20:52:18.603"/>
</kw>
<kw name="Set Screenshot Directory" library="SeleniumLibrary">
<arg>screenshots</arg>
<doc>Sets the directory for captured screenshots.</doc>
<status status="PASS" starttime="20210916 20:52:18.603" endtime="20210916 20:52:18.605"/>
</kw>
<kw name="Capture Element Screenshot" library="SeleniumLibrary">
<arg>xpath://*[@id="cart_contents_container"]/div/div[1]</arg>
<doc>Captures a screenshot from the element identified by ``locator`` and embeds it into log file.</doc>
<msg timestamp="20210916 20:52:18.769" level="INFO" html="true">&lt;/td&gt;&lt;/tr&gt;&lt;tr&gt;&lt;td colspan="3"&gt;&lt;a href="screenshots/selenium-element-screenshot-3.png"&gt;&lt;img src="screenshots/selenium-element-screenshot-3.png" width="400px"&gt;&lt;/a&gt;</msg>
<status status="PASS" starttime="20210916 20:52:18.606" endtime="20210916 20:52:18.769"/>
</kw>
<kw name="Click Button" library="SeleniumLibrary">
<arg>xpath://*[@id="checkout"]</arg>
<doc>Clicks the button identified by ``locator``.</doc>
<msg timestamp="20210916 20:52:18.771" level="INFO">Clicking button 'xpath://*[@id="checkout"]'.</msg>
<status status="PASS" starttime="20210916 20:52:18.770" endtime="20210916 20:52:18.857"/>
</kw>
<kw name="Input Text" library="SeleniumLibrary">
<arg>id:first-name</arg>
<arg>${Name}</arg>
<doc>Types the given ``text`` into the text field identified by ``locator``.</doc>
<msg timestamp="20210916 20:52:18.859" level="INFO">Typing text 'Roman' into text field 'id:first-name'.</msg>
<status status="PASS" starttime="20210916 20:52:18.857" endtime="20210916 20:52:18.971"/>
</kw>
<kw name="Input Text" library="SeleniumLibrary">
<arg>id:last-name</arg>
<arg>${Surname}</arg>
<doc>Types the given ``text`` into the text field identified by ``locator``.</doc>
<msg timestamp="20210916 20:52:18.972" level="INFO">Typing text 'Kutselepa' into text field 'id:last-name'.</msg>
<status status="PASS" starttime="20210916 20:52:18.971" endtime="20210916 20:52:19.092"/>
</kw>
<kw name="Input Text" library="SeleniumLibrary">
<arg>id:postal-code</arg>
<arg>${ZIP}</arg>
<doc>Types the given ``text`` into the text field identified by ``locator``.</doc>
<msg timestamp="20210916 20:52:19.093" level="INFO">Typing text '13625' into text field 'id:postal-code'.</msg>
<status status="PASS" starttime="20210916 20:52:19.092" endtime="20210916 20:52:19.186"/>
</kw>
<kw name="Click Button" library="SeleniumLibrary">
<arg>id:continue</arg>
<doc>Clicks the button identified by ``locator``.</doc>
<msg timestamp="20210916 20:52:19.187" level="INFO">Clicking button 'id:continue'.</msg>
<status status="PASS" starttime="20210916 20:52:19.186" endtime="20210916 20:52:19.258"/>
</kw>
<kw name="Capture Element Screenshot" library="SeleniumLibrary">
<arg>xpath://*[@id="checkout_summary_container"]/div/div[2]</arg>
<doc>Captures a screenshot from the element identified by ``locator`` and embeds it into log file.</doc>
<msg timestamp="20210916 20:52:19.351" level="INFO" html="true">&lt;/td&gt;&lt;/tr&gt;&lt;tr&gt;&lt;td colspan="3"&gt;&lt;a href="screenshots/selenium-element-screenshot-4.png"&gt;&lt;img src="screenshots/selenium-element-screenshot-4.png" width="400px"&gt;&lt;/a&gt;</msg>
<status status="PASS" starttime="20210916 20:52:19.259" endtime="20210916 20:52:19.351"/>
</kw>
<kw name="Element Should Contain" library="SeleniumLibrary">
<arg>xpath://*[@id="checkout_summary_container"]/div/div[2]/div[7]</arg>
<arg>${CheckSum}</arg>
<doc>Verifies that element ``locator`` contains text ``expected``.</doc>
<msg timestamp="20210916 20:52:19.378" level="INFO">Element 'xpath://*[@id="checkout_summary_container"]/div/div[2]/div[7]' contains text '97.17'.</msg>
<status status="PASS" starttime="20210916 20:52:19.351" endtime="20210916 20:52:19.379"/>
</kw>
<kw name="Click Button" library="SeleniumLibrary">
<arg>id:finish</arg>
<doc>Clicks the button identified by ``locator``.</doc>
<msg timestamp="20210916 20:52:19.379" level="INFO">Clicking button 'id:finish'.</msg>
<status status="PASS" starttime="20210916 20:52:19.379" endtime="20210916 20:52:19.464"/>
</kw>
<kw name="Click Button" library="SeleniumLibrary">
<arg>id:back-to-products</arg>
<doc>Clicks the button identified by ``locator``.</doc>
<msg timestamp="20210916 20:52:19.465" level="INFO">Clicking button 'id:back-to-products'.</msg>
<status status="PASS" starttime="20210916 20:52:19.465" endtime="20210916 20:52:19.567"/>
</kw>
<status status="PASS" starttime="20210916 20:52:18.508" endtime="20210916 20:52:19.567"/>
</kw>
<kw name="Logout Attempt" library="resources2">
<kw name="Click Button" library="SeleniumLibrary">
<arg>id:react-burger-menu-btn</arg>
<doc>Clicks the button identified by ``locator``.</doc>
<msg timestamp="20210916 20:52:19.568" level="INFO">Clicking button 'id:react-burger-menu-btn'.</msg>
<status status="PASS" starttime="20210916 20:52:19.568" endtime="20210916 20:52:19.911"/>
</kw>
<kw name="Wait Until Element Is Visible" library="SeleniumLibrary">
<arg>id:logout_sidebar_link</arg>
<doc>Waits until the element ``locator`` is visible.</doc>
<status status="PASS" starttime="20210916 20:52:19.911" endtime="20210916 20:52:20.211"/>
</kw>
<kw name="Click Link" library="SeleniumLibrary">
<arg>id:logout_sidebar_link</arg>
<doc>Clicks a link identified by ``locator``.</doc>
<msg timestamp="20210916 20:52:20.211" level="INFO">Clicking link 'id:logout_sidebar_link'.</msg>
<status status="PASS" starttime="20210916 20:52:20.211" endtime="20210916 20:52:20.278"/>
</kw>
<status status="PASS" starttime="20210916 20:52:19.568" endtime="20210916 20:52:20.278"/>
</kw>
<kw name="Close Browser Window" library="resources2" type="TEARDOWN">
<kw name="Log" library="BuiltIn">
<arg>Finished testing.</arg>
<doc>Logs the given message with the given level.</doc>
<msg timestamp="20210916 20:52:20.279" level="INFO">Finished testing.</msg>
<status status="PASS" starttime="20210916 20:52:20.279" endtime="20210916 20:52:20.279"/>
</kw>
<kw name="Close Browser" library="SeleniumLibrary">
<doc>Closes the current browser.</doc>
<status status="PASS" starttime="20210916 20:52:20.279" endtime="20210916 20:52:22.497"/>
</kw>
<status status="PASS" starttime="20210916 20:52:20.278" endtime="20210916 20:52:22.497"/>
</kw>
<status status="PASS" starttime="20210916 20:52:09.379" endtime="20210916 20:52:22.497"/>
</test>
<test id="s1-t2" name="Locked User Test Case">
<kw name="Open Browser and Maximize" library="resources2" type="SETUP">
<arg>${URL}</arg>
<arg>${Browser}</arg>
<kw name="Log" library="BuiltIn">
<arg>Starting test with ${WebsiteLink} and ${BrowserName} browser.</arg>
<doc>Logs the given message with the given level.</doc>
<msg timestamp="20210916 20:52:22.497" level="INFO">Starting test with http://saucedemo.com and Chrome browser.</msg>
<status status="PASS" starttime="20210916 20:52:22.497" endtime="20210916 20:52:22.497"/>
</kw>
<kw name="Open Browser" library="SeleniumLibrary">
<arg>${WebsiteLink}</arg>
<arg>${BrowserName}</arg>
<doc>Opens a new browser instance to the optional ``url``.</doc>
<msg timestamp="20210916 20:52:22.497" level="INFO">Opening browser 'Chrome' to base url 'http://saucedemo.com'.</msg>
<status status="PASS" starttime="20210916 20:52:22.497" endtime="20210916 20:52:24.516"/>
</kw>
<kw name="Maximize Browser Window" library="SeleniumLibrary">
<doc>Maximizes current browser window.</doc>
<status status="PASS" starttime="20210916 20:52:24.516" endtime="20210916 20:52:24.636"/>
</kw>
<kw name="Get Title" library="SeleniumLibrary">
<var>${Title}</var>
<doc>Returns the title of the current page.</doc>
<msg timestamp="20210916 20:52:24.636" level="INFO">${Title} = Swag Labs</msg>
<status status="PASS" starttime="20210916 20:52:24.636" endtime="20210916 20:52:24.636"/>
</kw>
<kw name="Log" library="BuiltIn">
<arg>${Title}</arg>
<doc>Logs the given message with the given level.</doc>
<msg timestamp="20210916 20:52:24.636" level="INFO">Swag Labs</msg>
<status status="PASS" starttime="20210916 20:52:24.636" endtime="20210916 20:52:24.636"/>
</kw>
<status status="PASS" starttime="20210916 20:52:22.497" endtime="20210916 20:52:24.636"/>
</kw>
<kw name="Login Attempt" library="resources2">
<arg>${LockedOutUser}</arg>
<arg>${Password}</arg>
<kw name="Input Text" library="SeleniumLibrary">
<arg>id:user-name</arg>
<arg>${Login}</arg>
<doc>Types the given ``text`` into the text field identified by ``locator``.</doc>
<msg timestamp="20210916 20:52:24.636" level="INFO">Typing text 'locked_out_user' into text field 'id:user-name'.</msg>
<status status="PASS" starttime="20210916 20:52:24.636" endtime="20210916 20:52:24.798"/>
</kw>
<kw name="Input Text" library="SeleniumLibrary">
<arg>id:password</arg>
<arg>${Pass}</arg>
<doc>Types the given ``text`` into the text field identified by ``locator``.</doc>
<msg timestamp="20210916 20:52:24.799" level="INFO">Typing text 'secret_sauce' into text field 'id:password'.</msg>
<status status="PASS" starttime="20210916 20:52:24.798" endtime="20210916 20:52:24.893"/>
</kw>
<kw name="Click Button" library="SeleniumLibrary">
<arg>id:login-button</arg>
<doc>Clicks the button identified by ``locator``.</doc>
<msg timestamp="20210916 20:52:24.893" level="INFO">Clicking button 'id:login-button'.</msg>
<status status="PASS" starttime="20210916 20:52:24.893" endtime="20210916 20:52:24.955"/>
</kw>
<kw name="Sleep" library="BuiltIn">
<arg>3</arg>
<doc>Pauses the test executed for the given time.</doc>
<msg timestamp="20210916 20:52:27.961" level="INFO">Slept 3 seconds</msg>
<status status="PASS" starttime="20210916 20:52:24.955" endtime="20210916 20:52:27.961"/>
</kw>
<kw name="Page Should Not Contain Element" library="SeleniumLibrary">
<arg>x-path://*[@id="login_button_container"]/div/form/div[3]/h3</arg>
<doc>Verifies that element ``locator`` is not found on the current page.</doc>
<msg timestamp="20210916 20:52:27.972" level="INFO">Current page does not contain element 'x-path://*[@id="login_button_container"]/div/form/div[3]/h3'.</msg>
<status status="PASS" starttime="20210916 20:52:27.961" endtime="20210916 20:52:27.973"/>
</kw>
<status status="PASS" starttime="20210916 20:52:24.636" endtime="20210916 20:52:27.973"/>
</kw>
<kw name="Pick Product" library="resources2">
<arg>xpath://*[@id="item_5_title_link"]/div</arg>
<arg>id:add-to-cart-sauce-labs-fleece-jacket</arg>
<kw name="Get Text" library="SeleniumLibrary">
<var>${ProductName}</var>
<arg>${ProductNameIdentifier}</arg>
<doc>Returns the text value of the element identified by ``locator``.</doc>
<kw name="Capture Page Screenshot" library="SeleniumLibrary">
<doc>Takes a screenshot of the current page and embeds it into a log file.</doc>
<msg timestamp="20210916 20:52:28.103" level="INFO" html="true">&lt;/td&gt;&lt;/tr&gt;&lt;tr&gt;&lt;td colspan="3"&gt;&lt;a href="screenshots/selenium-screenshot-1.png"&gt;&lt;img src="screenshots/selenium-screenshot-1.png" width="800px"&gt;&lt;/a&gt;</msg>
<status status="PASS" starttime="20210916 20:52:27.983" endtime="20210916 20:52:28.104"/>
</kw>
<msg timestamp="20210916 20:52:28.113" level="FAIL">Element with locator 'xpath://*[@id="item_5_title_link"]/div' not found.</msg>
<status status="FAIL" starttime="20210916 20:52:27.974" endtime="20210916 20:52:28.113"/>
</kw>
<kw name="Log" library="BuiltIn">
<arg>${ProductName}</arg>
<doc>Logs the given message with the given level.</doc>
<status status="NOT RUN" starttime="20210916 20:52:28.113" endtime="20210916 20:52:28.113"/>
</kw>
<kw name="Click Button" library="SeleniumLibrary">
<arg>${AddProductIdentifier}</arg>
<doc>Clicks the button identified by ``locator``.</doc>
<status status="NOT RUN" starttime="20210916 20:52:28.114" endtime="20210916 20:52:28.114"/>
</kw>
<status status="FAIL" starttime="20210916 20:52:27.973" endtime="20210916 20:52:28.114"/>
</kw>
<kw name="Change Sorting" library="resources2">
<arg>hilo</arg>
<status status="NOT RUN" starttime="20210916 20:52:28.115" endtime="20210916 20:52:28.115"/>
</kw>
<kw name="Pick Product" library="resources2">
<arg>xpath://*[@id="item_4_title_link"]/div</arg>
<arg>id:add-to-cart-sauce-labs-backpack</arg>
<status status="NOT RUN" starttime="20210916 20:52:28.115" endtime="20210916 20:52:28.115"/>
</kw>
<kw name="Change Sorting" library="resources2">
<arg>za</arg>
<status status="NOT RUN" starttime="20210916 20:52:28.116" endtime="20210916 20:52:28.116"/>
</kw>
<kw name="Pick Product" library="resources2">
<arg>xpath://*[@id="item_0_title_link"]/div</arg>
<arg>id:add-to-cart-sauce-labs-bike-light</arg>
<status status="NOT RUN" starttime="20210916 20:52:28.116" endtime="20210916 20:52:28.116"/>
</kw>
<kw name="Sleep" library="BuiltIn">
<arg>3</arg>
<doc>Pauses the test executed for the given time.</doc>
<status status="NOT RUN" starttime="20210916 20:52:28.117" endtime="20210916 20:52:28.117"/>
</kw>
<kw name="Checkout Shopping Cart" library="resources2">
<arg>Roman</arg>
<arg>Kutselepa</arg>
<arg>13625</arg>
<arg>3</arg>
<arg>97.17</arg>
<status status="NOT RUN" starttime="20210916 20:52:28.117" endtime="20210916 20:52:28.117"/>
</kw>
<kw name="Logout Attempt" library="resources2">
<status status="NOT RUN" starttime="20210916 20:52:28.118" endtime="20210916 20:52:28.118"/>
</kw>
<kw name="Close Browser Window" library="resources2" type="TEARDOWN">
<kw name="Log" library="BuiltIn">
<arg>Finished testing.</arg>
<doc>Logs the given message with the given level.</doc>
<msg timestamp="20210916 20:52:28.120" level="INFO">Finished testing.</msg>
<status status="PASS" starttime="20210916 20:52:28.120" endtime="20210916 20:52:28.120"/>
</kw>
<kw name="Close Browser" library="SeleniumLibrary">
<doc>Closes the current browser.</doc>
<status status="PASS" starttime="20210916 20:52:28.120" endtime="20210916 20:52:30.310"/>
</kw>
<status status="PASS" starttime="20210916 20:52:28.119" endtime="20210916 20:52:30.310"/>
</kw>
<status status="FAIL" starttime="20210916 20:52:22.497" endtime="20210916 20:52:30.310">Element with locator 'xpath://*[@id="item_5_title_link"]/div' not found.</status>
</test>
<test id="s1-t3" name="Problem User Test Case">
<kw name="Open Browser and Maximize" library="resources2" type="SETUP">
<arg>${URL}</arg>
<arg>${Browser}</arg>
<kw name="Log" library="BuiltIn">
<arg>Starting test with ${WebsiteLink} and ${BrowserName} browser.</arg>
<doc>Logs the given message with the given level.</doc>
<msg timestamp="20210916 20:52:30.310" level="INFO">Starting test with http://saucedemo.com and Chrome browser.</msg>
<status status="PASS" starttime="20210916 20:52:30.310" endtime="20210916 20:52:30.310"/>
</kw>
<kw name="Open Browser" library="SeleniumLibrary">
<arg>${WebsiteLink}</arg>
<arg>${BrowserName}</arg>
<doc>Opens a new browser instance to the optional ``url``.</doc>
<msg timestamp="20210916 20:52:30.326" level="INFO">Opening browser 'Chrome' to base url 'http://saucedemo.com'.</msg>
<status status="PASS" starttime="20210916 20:52:30.310" endtime="20210916 20:52:32.472"/>
</kw>
<kw name="Maximize Browser Window" library="SeleniumLibrary">
<doc>Maximizes current browser window.</doc>
<status status="PASS" starttime="20210916 20:52:32.472" endtime="20210916 20:52:32.602"/>
</kw>
<kw name="Get Title" library="SeleniumLibrary">
<var>${Title}</var>
<doc>Returns the title of the current page.</doc>
<msg timestamp="20210916 20:52:32.602" level="INFO">${Title} = Swag Labs</msg>
<status status="PASS" starttime="20210916 20:52:32.602" endtime="20210916 20:52:32.602"/>
</kw>
<kw name="Log" library="BuiltIn">
<arg>${Title}</arg>
<doc>Logs the given message with the given level.</doc>
<msg timestamp="20210916 20:52:32.602" level="INFO">Swag Labs</msg>
<status status="PASS" starttime="20210916 20:52:32.602" endtime="20210916 20:52:32.602"/>
</kw>
<status status="PASS" starttime="20210916 20:52:30.310" endtime="20210916 20:52:32.602"/>
</kw>
<kw name="Login Attempt" library="resources2">
<arg>${ProblemUser}</arg>
<arg>${Password}</arg>
<kw name="Input Text" library="SeleniumLibrary">
<arg>id:user-name</arg>
<arg>${Login}</arg>
<doc>Types the given ``text`` into the text field identified by ``locator``.</doc>
<msg timestamp="20210916 20:52:32.602" level="INFO">Typing text 'problem_user' into text field 'id:user-name'.</msg>
<status status="PASS" starttime="20210916 20:52:32.602" endtime="20210916 20:52:32.747"/>
</kw>
<kw name="Input Text" library="SeleniumLibrary">
<arg>id:password</arg>
<arg>${Pass}</arg>
<doc>Types the given ``text`` into the text field identified by ``locator``.</doc>
<msg timestamp="20210916 20:52:32.747" level="INFO">Typing text 'secret_sauce' into text field 'id:password'.</msg>
<status status="PASS" starttime="20210916 20:52:32.747" endtime="20210916 20:52:32.849"/>
</kw>
<kw name="Click Button" library="SeleniumLibrary">
<arg>id:login-button</arg>
<doc>Clicks the button identified by ``locator``.</doc>
<msg timestamp="20210916 20:52:32.850" level="INFO">Clicking button 'id:login-button'.</msg>
<status status="PASS" starttime="20210916 20:52:32.850" endtime="20210916 20:52:32.958"/>
</kw>
<kw name="Sleep" library="BuiltIn">
<arg>3</arg>
<doc>Pauses the test executed for the given time.</doc>
<msg timestamp="20210916 20:52:35.961" level="INFO">Slept 3 seconds</msg>
<status status="PASS" starttime="20210916 20:52:32.958" endtime="20210916 20:52:35.961"/>
</kw>
<kw name="Page Should Not Contain Element" library="SeleniumLibrary">
<arg>x-path://*[@id="login_button_container"]/div/form/div[3]/h3</arg>
<doc>Verifies that element ``locator`` is not found on the current page.</doc>
<msg timestamp="20210916 20:52:35.972" level="INFO">Current page does not contain element 'x-path://*[@id="login_button_container"]/div/form/div[3]/h3'.</msg>
<status status="PASS" starttime="20210916 20:52:35.961" endtime="20210916 20:52:35.973"/>
</kw>
<status status="PASS" starttime="20210916 20:52:32.602" endtime="20210916 20:52:35.973"/>
</kw>
<kw name="Pick Product" library="resources2">
<arg>xpath://*[@id="item_5_title_link"]/div</arg>
<arg>id:add-to-cart-sauce-labs-fleece-jacket</arg>
<kw name="Get Text" library="SeleniumLibrary">
<var>${ProductName}</var>
<arg>${ProductNameIdentifier}</arg>
<doc>Returns the text value of the element identified by ``locator``.</doc>
<msg timestamp="20210916 20:52:35.995" level="INFO">${ProductName} = Sauce Labs Fleece Jacket</msg>
<status status="PASS" starttime="20210916 20:52:35.974" endtime="20210916 20:52:35.995"/>
</kw>
<kw name="Log" library="BuiltIn">
<arg>${ProductName}</arg>
<doc>Logs the given message with the given level.</doc>
<msg timestamp="20210916 20:52:35.996" level="INFO">Sauce Labs Fleece Jacket</msg>
<status status="PASS" starttime="20210916 20:52:35.996" endtime="20210916 20:52:35.996"/>
</kw>
<kw name="Click Button" library="SeleniumLibrary">
<arg>${AddProductIdentifier}</arg>
<doc>Clicks the button identified by ``locator``.</doc>
<msg timestamp="20210916 20:52:35.996" level="INFO">Clicking button 'id:add-to-cart-sauce-labs-fleece-jacket'.</msg>
<status status="PASS" starttime="20210916 20:52:35.996" endtime="20210916 20:52:36.056"/>
</kw>
<status status="PASS" starttime="20210916 20:52:35.973" endtime="20210916 20:52:36.057"/>
</kw>
<kw name="Change Sorting" library="resources2">
<arg>hilo</arg>
<kw name="Select From List By Value" library="SeleniumLibrary">
<arg>xpath://*[@id="header_container"]/div[2]/div[2]/span/select</arg>
<arg>${SortingValue}</arg>
<doc>Selects options from selection list ``locator`` by ``values``.</doc>
<msg timestamp="20210916 20:52:36.058" level="INFO">Selecting options from selection list 'xpath://*[@id="header_container"]/div[2]/div[2]/span/select' by value hilo.</msg>
<status status="PASS" starttime="20210916 20:52:36.058" endtime="20210916 20:52:36.127"/>
</kw>
<status status="PASS" starttime="20210916 20:52:36.057" endtime="20210916 20:52:36.127"/>
</kw>
<kw name="Pick Product" library="resources2">
<arg>xpath://*[@id="item_4_title_link"]/div</arg>
<arg>id:add-to-cart-sauce-labs-backpack</arg>
<kw name="Get Text" library="SeleniumLibrary">
<var>${ProductName}</var>
<arg>${ProductNameIdentifier}</arg>
<doc>Returns the text value of the element identified by ``locator``.</doc>
<msg timestamp="20210916 20:52:36.155" level="INFO">${ProductName} = Sauce Labs Backpack</msg>
<status status="PASS" starttime="20210916 20:52:36.129" endtime="20210916 20:52:36.155"/>
</kw>
<kw name="Log" library="BuiltIn">
<arg>${ProductName}</arg>
<doc>Logs the given message with the given level.</doc>
<msg timestamp="20210916 20:52:36.156" level="INFO">Sauce Labs Backpack</msg>
<status status="PASS" starttime="20210916 20:52:36.155" endtime="20210916 20:52:36.156"/>
</kw>
<kw name="Click Button" library="SeleniumLibrary">
<arg>${AddProductIdentifier}</arg>
<doc>Clicks the button identified by ``locator``.</doc>
<msg timestamp="20210916 20:52:36.156" level="INFO">Clicking button 'id:add-to-cart-sauce-labs-backpack'.</msg>
<status status="PASS" starttime="20210916 20:52:36.156" endtime="20210916 20:52:36.224"/>
</kw>
<status status="PASS" starttime="20210916 20:52:36.128" endtime="20210916 20:52:36.225"/>
</kw>
<kw name="Change Sorting" library="resources2">
<arg>za</arg>
<kw name="Select From List By Value" library="SeleniumLibrary">
<arg>xpath://*[@id="header_container"]/div[2]/div[2]/span/select</arg>
<arg>${SortingValue}</arg>
<doc>Selects options from selection list ``locator`` by ``values``.</doc>
<msg timestamp="20210916 20:52:36.227" level="INFO">Selecting options from selection list 'xpath://*[@id="header_container"]/div[2]/div[2]/span/select' by value za.</msg>
<status status="PASS" starttime="20210916 20:52:36.226" endtime="20210916 20:52:36.294"/>
</kw>
<status status="PASS" starttime="20210916 20:52:36.225" endtime="20210916 20:52:36.294"/>
</kw>
<kw name="Pick Product" library="resources2">
<arg>xpath://*[@id="item_0_title_link"]/div</arg>
<arg>id:add-to-cart-sauce-labs-bike-light</arg>
<kw name="Get Text" library="SeleniumLibrary">
<var>${ProductName}</var>
<arg>${ProductNameIdentifier}</arg>
<doc>Returns the text value of the element identified by ``locator``.</doc>
<msg timestamp="20210916 20:52:36.323" level="INFO">${ProductName} = Sauce Labs Bike Light</msg>
<status status="PASS" starttime="20210916 20:52:36.295" endtime="20210916 20:52:36.323"/>
</kw>
<kw name="Log" library="BuiltIn">
<arg>${ProductName}</arg>
<doc>Logs the given message with the given level.</doc>
<msg timestamp="20210916 20:52:36.323" level="INFO">Sauce Labs Bike Light</msg>
<status status="PASS" starttime="20210916 20:52:36.323" endtime="20210916 20:52:36.323"/>
</kw>
<kw name="Click Button" library="SeleniumLibrary">
<arg>${AddProductIdentifier}</arg>
<doc>Clicks the button identified by ``locator``.</doc>
<msg timestamp="20210916 20:52:36.324" level="INFO">Clicking button 'id:add-to-cart-sauce-labs-bike-light'.</msg>
<status status="PASS" starttime="20210916 20:52:36.324" endtime="20210916 20:52:36.386"/>
</kw>
<status status="PASS" starttime="20210916 20:52:36.294" endtime="20210916 20:52:36.386"/>
</kw>
<kw name="Sleep" library="BuiltIn">
<arg>3</arg>
<doc>Pauses the test executed for the given time.</doc>
<msg timestamp="20210916 20:52:39.399" level="INFO">Slept 3 seconds</msg>
<status status="PASS" starttime="20210916 20:52:36.387" endtime="20210916 20:52:39.399"/>
</kw>
<kw name="Checkout Shopping Cart" library="resources2">
<arg>Roman</arg>
<arg>Kutselepa</arg>
<arg>13625</arg>
<arg>3</arg>
<arg>97.17</arg>
<kw name="Element Should Contain" library="SeleniumLibrary">
<arg>xpath://*[@id="shopping_cart_container"]/a/span</arg>
<arg>3</arg>
<doc>Verifies that element ``locator`` contains text ``expected``.</doc>
<kw name="Capture Page Screenshot" library="SeleniumLibrary">
<doc>Takes a screenshot of the current page and embeds it into a log file.</doc>
<msg timestamp="20210916 20:52:39.611" level="INFO" html="true">&lt;/td&gt;&lt;/tr&gt;&lt;tr&gt;&lt;td colspan="3"&gt;&lt;a href="screenshots/selenium-screenshot-2.png"&gt;&lt;img src="screenshots/selenium-screenshot-2.png" width="800px"&gt;&lt;/a&gt;</msg>
<status status="PASS" starttime="20210916 20:52:39.415" endtime="20210916 20:52:39.611"/>
</kw>
<msg timestamp="20210916 20:52:39.611" level="FAIL">Element 'xpath://*[@id="shopping_cart_container"]/a/span' should have contained text '3' but its text was '2'.</msg>
<status status="FAIL" starttime="20210916 20:52:39.399" endtime="20210916 20:52:39.611"/>
</kw>
<kw name="Click Link" library="SeleniumLibrary">
<arg>xpath://*[@id="shopping_cart_container"]/a</arg>
<doc>Clicks a link identified by ``locator``.</doc>
<status status="NOT RUN" starttime="20210916 20:52:39.611" endtime="20210916 20:52:39.611"/>
</kw>
<kw name="Set Screenshot Directory" library="SeleniumLibrary">
<arg>screenshots</arg>
<doc>Sets the directory for captured screenshots.</doc>
<status status="NOT RUN" starttime="20210916 20:52:39.611" endtime="20210916 20:52:39.611"/>
</kw>
<kw name="Capture Element Screenshot" library="SeleniumLibrary">
<arg>xpath://*[@id="cart_contents_container"]/div/div[1]</arg>
<doc>Captures a screenshot from the element identified by ``locator`` and embeds it into log file.</doc>
<status status="NOT RUN" starttime="20210916 20:52:39.611" endtime="20210916 20:52:39.611"/>
</kw>
<kw name="Click Button" library="SeleniumLibrary">
<arg>xpath://*[@id="checkout"]</arg>
<doc>Clicks the button identified by ``locator``.</doc>
<status status="NOT RUN" starttime="20210916 20:52:39.611" endtime="20210916 20:52:39.611"/>
</kw>
<kw name="Input Text" library="SeleniumLibrary">
<arg>id:first-name</arg>
<arg>${Name}</arg>
<doc>Types the given ``text`` into the text field identified by ``locator``.</doc>
<status status="NOT RUN" starttime="20210916 20:52:39.611" endtime="20210916 20:52:39.611"/>
</kw>
<kw name="Input Text" library="SeleniumLibrary">
<arg>id:last-name</arg>
<arg>${Surname}</arg>
<doc>Types the given ``text`` into the text field identified by ``locator``.</doc>
<status status="NOT RUN" starttime="20210916 20:52:39.611" endtime="20210916 20:52:39.611"/>
</kw>
<kw name="Input Text" library="SeleniumLibrary">
<arg>id:postal-code</arg>
<arg>${ZIP}</arg>
<doc>Types the given ``text`` into the text field identified by ``locator``.</doc>
<status status="NOT RUN" starttime="20210916 20:52:39.611" endtime="20210916 20:52:39.611"/>
</kw>
<kw name="Click Button" library="SeleniumLibrary">
<arg>id:continue</arg>
<doc>Clicks the button identified by ``locator``.</doc>
<status status="NOT RUN" starttime="20210916 20:52:39.611" endtime="20210916 20:52:39.611"/>
</kw>
<kw name="Capture Element Screenshot" library="SeleniumLibrary">
<arg>xpath://*[@id="checkout_summary_container"]/div/div[2]</arg>
<doc>Captures a screenshot from the element identified by ``locator`` and embeds it into log file.</doc>
<status status="NOT RUN" starttime="20210916 20:52:39.611" endtime="20210916 20:52:39.611"/>
</kw>
<kw name="Element Should Contain" library="SeleniumLibrary">
<arg>xpath://*[@id="checkout_summary_container"]/div/div[2]/div[7]</arg>
<arg>${CheckSum}</arg>
<doc>Verifies that element ``locator`` contains text ``expected``.</doc>
<status status="NOT RUN" starttime="20210916 20:52:39.611" endtime="20210916 20:52:39.611"/>
</kw>
<kw name="Click Button" library="SeleniumLibrary">
<arg>id:finish</arg>
<doc>Clicks the button identified by ``locator``.</doc>
<status status="NOT RUN" starttime="20210916 20:52:39.611" endtime="20210916 20:52:39.611"/>
</kw>
<kw name="Click Button" library="SeleniumLibrary">
<arg>id:back-to-products</arg>
<doc>Clicks the button identified by ``locator``.</doc>
<status status="NOT RUN" starttime="20210916 20:52:39.611" endtime="20210916 20:52:39.611"/>
</kw>
<status status="FAIL" starttime="20210916 20:52:39.399" endtime="20210916 20:52:39.611"/>
</kw>
<kw name="Logout Attempt" library="resources2">
<status status="NOT RUN" starttime="20210916 20:52:39.611" endtime="20210916 20:52:39.611"/>
</kw>
<kw name="Close Browser Window" library="resources2" type="TEARDOWN">
<kw name="Log" library="BuiltIn">
<arg>Finished testing.</arg>
<doc>Logs the given message with the given level.</doc>
<msg timestamp="20210916 20:52:39.611" level="INFO">Finished testing.</msg>
<status status="PASS" starttime="20210916 20:52:39.611" endtime="20210916 20:52:39.611"/>
</kw>
<kw name="Close Browser" library="SeleniumLibrary">
<doc>Closes the current browser.</doc>
<status status="PASS" starttime="20210916 20:52:39.611" endtime="20210916 20:52:42.064"/>
</kw>
<status status="PASS" starttime="20210916 20:52:39.611" endtime="20210916 20:52:42.064"/>
</kw>
<status status="FAIL" starttime="20210916 20:52:30.310" endtime="20210916 20:52:42.064">Element 'xpath://*[@id="shopping_cart_container"]/a/span' should have contained text '3' but its text was '2'.</status>
</test>
<test id="s1-t4" name="Glithc User Test Case">
<kw name="Open Browser and Maximize" library="resources2" type="SETUP">
<arg>${URL}</arg>
<arg>${Browser}</arg>
<kw name="Log" library="BuiltIn">
<arg>Starting test with ${WebsiteLink} and ${BrowserName} browser.</arg>
<doc>Logs the given message with the given level.</doc>
<msg timestamp="20210916 20:52:42.064" level="INFO">Starting test with http://saucedemo.com and Chrome browser.</msg>
<status status="PASS" starttime="20210916 20:52:42.064" endtime="20210916 20:52:42.064"/>
</kw>
<kw name="Open Browser" library="SeleniumLibrary">
<arg>${WebsiteLink}</arg>
<arg>${BrowserName}</arg>
<doc>Opens a new browser instance to the optional ``url``.</doc>
<msg timestamp="20210916 20:52:42.064" level="INFO">Opening browser 'Chrome' to base url 'http://saucedemo.com'.</msg>
<status status="PASS" starttime="20210916 20:52:42.064" endtime="20210916 20:52:45.528"/>
</kw>
<kw name="Maximize Browser Window" library="SeleniumLibrary">
<doc>Maximizes current browser window.</doc>
<status status="PASS" starttime="20210916 20:52:45.529" endtime="20210916 20:52:45.649"/>
</kw>
<kw name="Get Title" library="SeleniumLibrary">
<var>${Title}</var>
<doc>Returns the title of the current page.</doc>
<msg timestamp="20210916 20:52:45.665" level="INFO">${Title} = Swag Labs</msg>
<status status="PASS" starttime="20210916 20:52:45.649" endtime="20210916 20:52:45.665"/>
</kw>
<kw name="Log" library="BuiltIn">
<arg>${Title}</arg>
<doc>Logs the given message with the given level.</doc>
<msg timestamp="20210916 20:52:45.665" level="INFO">Swag Labs</msg>
<status status="PASS" starttime="20210916 20:52:45.665" endtime="20210916 20:52:45.665"/>
</kw>
<status status="PASS" starttime="20210916 20:52:42.064" endtime="20210916 20:52:45.665"/>
</kw>
<kw name="Login Attempt" library="resources2">
<arg>${PerformanceGlithcUser}</arg>
<arg>${Password}</arg>
<kw name="Input Text" library="SeleniumLibrary">
<arg>id:user-name</arg>
<arg>${Login}</arg>
<doc>Types the given ``text`` into the text field identified by ``locator``.</doc>
<msg timestamp="20210916 20:52:45.665" level="INFO">Typing text 'performance_glitch_user' into text field 'id:user-name'.</msg>
<status status="PASS" starttime="20210916 20:52:45.665" endtime="20210916 20:52:45.891"/>
</kw>
<kw name="Input Text" library="SeleniumLibrary">
<arg>id:password</arg>
<arg>${Pass}</arg>
<doc>Types the given ``text`` into the text field identified by ``locator``.</doc>
<msg timestamp="20210916 20:52:45.891" level="INFO">Typing text 'secret_sauce' into text field 'id:password'.</msg>
<status status="PASS" starttime="20210916 20:52:45.891" endtime="20210916 20:52:46.008"/>
</kw>
<kw name="Click Button" library="SeleniumLibrary">
<arg>id:login-button</arg>
<doc>Clicks the button identified by ``locator``.</doc>
<msg timestamp="20210916 20:52:46.008" level="INFO">Clicking button 'id:login-button'.</msg>
<status status="PASS" starttime="20210916 20:52:46.008" endtime="20210916 20:52:51.130"/>
</kw>
<kw name="Sleep" library="BuiltIn">
<arg>3</arg>
<doc>Pauses the test executed for the given time.</doc>
<msg timestamp="20210916 20:52:54.149" level="INFO">Slept 3 seconds</msg>
<status status="PASS" starttime="20210916 20:52:51.131" endtime="20210916 20:52:54.149"/>
</kw>
<kw name="Page Should Not Contain Element" library="SeleniumLibrary">
<arg>x-path://*[@id="login_button_container"]/div/form/div[3]/h3</arg>
<doc>Verifies that element ``locator`` is not found on the current page.</doc>
<msg timestamp="20210916 20:52:54.181" level="INFO">Current page does not contain element 'x-path://*[@id="login_button_container"]/div/form/div[3]/h3'.</msg>
<status status="PASS" starttime="20210916 20:52:54.150" endtime="20210916 20:52:54.182"/>
</kw>
<status status="PASS" starttime="20210916 20:52:45.665" endtime="20210916 20:52:54.182"/>
</kw>
<kw name="Pick Product" library="resources2">
<arg>xpath://*[@id="item_5_title_link"]/div</arg>
<arg>id:add-to-cart-sauce-labs-fleece-jacket</arg>
<kw name="Get Text" library="SeleniumLibrary">
<var>${ProductName}</var>
<arg>${ProductNameIdentifier}</arg>
<doc>Returns the text value of the element identified by ``locator``.</doc>
<msg timestamp="20210916 20:52:54.208" level="INFO">${ProductName} = Sauce Labs Fleece Jacket</msg>
<status status="PASS" starttime="20210916 20:52:54.184" endtime="20210916 20:52:54.208"/>
</kw>
<kw name="Log" library="BuiltIn">
<arg>${ProductName}</arg>
<doc>Logs the given message with the given level.</doc>
<msg timestamp="20210916 20:52:54.209" level="INFO">Sauce Labs Fleece Jacket</msg>
<status status="PASS" starttime="20210916 20:52:54.208" endtime="20210916 20:52:54.209"/>
</kw>
<kw name="Click Button" library="SeleniumLibrary">
<arg>${AddProductIdentifier}</arg>
<doc>Clicks the button identified by ``locator``.</doc>
<msg timestamp="20210916 20:52:54.210" level="INFO">Clicking button 'id:add-to-cart-sauce-labs-fleece-jacket'.</msg>
<status status="PASS" starttime="20210916 20:52:54.209" endtime="20210916 20:52:54.287"/>
</kw>
<status status="PASS" starttime="20210916 20:52:54.183" endtime="20210916 20:52:54.288"/>
</kw>
<kw name="Change Sorting" library="resources2">
<arg>hilo</arg>
<kw name="Select From List By Value" library="SeleniumLibrary">
<arg>xpath://*[@id="header_container"]/div[2]/div[2]/span/select</arg>
<arg>${SortingValue}</arg>
<doc>Selects options from selection list ``locator`` by ``values``.</doc>
<msg timestamp="20210916 20:52:54.290" level="INFO">Selecting options from selection list 'xpath://*[@id="header_container"]/div[2]/div[2]/span/select' by value hilo.</msg>
<status status="PASS" starttime="20210916 20:52:54.289" endtime="20210916 20:52:59.403"/>
</kw>
<status status="PASS" starttime="20210916 20:52:54.288" endtime="20210916 20:52:59.403"/>
</kw>
<kw name="Pick Product" library="resources2">
<arg>xpath://*[@id="item_4_title_link"]/div</arg>
<arg>id:add-to-cart-sauce-labs-backpack</arg>
<kw name="Get Text" library="SeleniumLibrary">
<var>${ProductName}</var>
<arg>${ProductNameIdentifier}</arg>
<doc>Returns the text value of the element identified by ``locator``.</doc>
<msg timestamp="20210916 20:52:59.438" level="INFO">${ProductName} = Sauce Labs Backpack</msg>
<status status="PASS" starttime="20210916 20:52:59.406" endtime="20210916 20:52:59.438"/>
</kw>
<kw name="Log" library="BuiltIn">
<arg>${ProductName}</arg>
<doc>Logs the given message with the given level.</doc>
<msg timestamp="20210916 20:52:59.438" level="INFO">Sauce Labs Backpack</msg>
<status status="PASS" starttime="20210916 20:52:59.438" endtime="20210916 20:52:59.438"/>
</kw>
<kw name="Click Button" library="SeleniumLibrary">
<arg>${AddProductIdentifier}</arg>
<doc>Clicks the button identified by ``locator``.</doc>
<msg timestamp="20210916 20:52:59.439" level="INFO">Clicking button 'id:add-to-cart-sauce-labs-backpack'.</msg>
<status status="PASS" starttime="20210916 20:52:59.439" endtime="20210916 20:52:59.499"/>
</kw>
<status status="PASS" starttime="20210916 20:52:59.404" endtime="20210916 20:52:59.500"/>
</kw>
<kw name="Change Sorting" library="resources2">
<arg>za</arg>
<kw name="Select From List By Value" library="SeleniumLibrary">
<arg>xpath://*[@id="header_container"]/div[2]/div[2]/span/select</arg>
<arg>${SortingValue}</arg>
<doc>Selects options from selection list ``locator`` by ``values``.</doc>
<msg timestamp="20210916 20:52:59.501" level="INFO">Selecting options from selection list 'xpath://*[@id="header_container"]/div[2]/div[2]/span/select' by value za.</msg>
<status status="PASS" starttime="20210916 20:52:59.501" endtime="20210916 20:53:04.583"/>
</kw>
<status status="PASS" starttime="20210916 20:52:59.500" endtime="20210916 20:53:04.583"/>
</kw>
<kw name="Pick Product" library="resources2">
<arg>xpath://*[@id="item_0_title_link"]/div</arg>
<arg>id:add-to-cart-sauce-labs-bike-light</arg>
<kw name="Get Text" library="SeleniumLibrary">
<var>${ProductName}</var>
<arg>${ProductNameIdentifier}</arg>
<doc>Returns the text value of the element identified by ``locator``.</doc>
<msg timestamp="20210916 20:53:04.613" level="INFO">${ProductName} = Sauce Labs Bike Light</msg>
<status status="PASS" starttime="20210916 20:53:04.585" endtime="20210916 20:53:04.613"/>
</kw>
<kw name="Log" library="BuiltIn">
<arg>${ProductName}</arg>
<doc>Logs the given message with the given level.</doc>
<msg timestamp="20210916 20:53:04.613" level="INFO">Sauce Labs Bike Light</msg>
<status status="PASS" starttime="20210916 20:53:04.613" endtime="20210916 20:53:04.613"/>
</kw>
<kw name="Click Button" library="SeleniumLibrary">
<arg>${AddProductIdentifier}</arg>
<doc>Clicks the button identified by ``locator``.</doc>
<msg timestamp="20210916 20:53:04.614" level="INFO">Clicking button 'id:add-to-cart-sauce-labs-bike-light'.</msg>
<status status="PASS" starttime="20210916 20:53:04.613" endtime="20210916 20:53:04.666"/>
</kw>
<status status="PASS" starttime="20210916 20:53:04.584" endtime="20210916 20:53:04.667"/>
</kw>
<kw name="Sleep" library="BuiltIn">
<arg>3</arg>
<doc>Pauses the test executed for the given time.</doc>
<msg timestamp="20210916 20:53:07.681" level="INFO">Slept 3 seconds</msg>
<status status="PASS" starttime="20210916 20:53:04.667" endtime="20210916 20:53:07.681"/>
</kw>
<kw name="Checkout Shopping Cart" library="resources2">
<arg>Roman</arg>
<arg>Kutselepa</arg>
<arg>13625</arg>
<arg>3</arg>
<arg>97.17</arg>
<kw name="Element Should Contain" library="SeleniumLibrary">
<arg>xpath://*[@id="shopping_cart_container"]/a/span</arg>
<arg>3</arg>
<doc>Verifies that element ``locator`` contains text ``expected``.</doc>
<msg timestamp="20210916 20:53:07.728" level="INFO">Element 'xpath://*[@id="shopping_cart_container"]/a/span' contains text '3'.</msg>
<status status="PASS" starttime="20210916 20:53:07.681" endtime="20210916 20:53:07.728"/>
</kw>
<kw name="Click Link" library="SeleniumLibrary">
<arg>xpath://*[@id="shopping_cart_container"]/a</arg>
<doc>Clicks a link identified by ``locator``.</doc>
<msg timestamp="20210916 20:53:07.743" level="INFO">Clicking link 'xpath://*[@id="shopping_cart_container"]/a'.</msg>
<status status="PASS" starttime="20210916 20:53:07.728" endtime="20210916 20:53:07.841"/>
</kw>
<kw name="Set Screenshot Directory" library="SeleniumLibrary">
<arg>screenshots</arg>
<doc>Sets the directory for captured screenshots.</doc>
<status status="PASS" starttime="20210916 20:53:07.841" endtime="20210916 20:53:07.842"/>
</kw>
<kw name="Capture Element Screenshot" library="SeleniumLibrary">
<arg>xpath://*[@id="cart_contents_container"]/div/div[1]</arg>
<doc>Captures a screenshot from the element identified by ``locator`` and embeds it into log file.</doc>
<msg timestamp="20210916 20:53:07.982" level="INFO" html="true">&lt;/td&gt;&lt;/tr&gt;&lt;tr&gt;&lt;td colspan="3"&gt;&lt;a href="screenshots/selenium-element-screenshot-5.png"&gt;&lt;img src="screenshots/selenium-element-screenshot-5.png" width="400px"&gt;&lt;/a&gt;</msg>
<status status="PASS" starttime="20210916 20:53:07.842" endtime="20210916 20:53:07.982"/>
</kw>
<kw name="Click Button" library="SeleniumLibrary">
<arg>xpath://*[@id="checkout"]</arg>
<doc>Clicks the button identified by ``locator``.</doc>
<msg timestamp="20210916 20:53:07.982" level="INFO">Clicking button 'xpath://*[@id="checkout"]'.</msg>
<status status="PASS" starttime="20210916 20:53:07.982" endtime="20210916 20:53:08.070"/>
</kw>
<kw name="Input Text" library="SeleniumLibrary">
<arg>id:first-name</arg>
<arg>${Name}</arg>
<doc>Types the given ``text`` into the text field identified by ``locator``.</doc>
<msg timestamp="20210916 20:53:08.071" level="INFO">Typing text 'Roman' into text field 'id:first-name'.</msg>
<status status="PASS" starttime="20210916 20:53:08.070" endtime="20210916 20:53:08.169"/>
</kw>
<kw name="Input Text" library="SeleniumLibrary">
<arg>id:last-name</arg>
<arg>${Surname}</arg>
<doc>Types the given ``text`` into the text field identified by ``locator``.</doc>
<msg timestamp="20210916 20:53:08.170" level="INFO">Typing text 'Kutselepa' into text field 'id:last-name'.</msg>
<status status="PASS" starttime="20210916 20:53:08.169" endtime="20210916 20:53:08.288"/>
</kw>
<kw name="Input Text" library="SeleniumLibrary">
<arg>id:postal-code</arg>
<arg>${ZIP}</arg>
<doc>Types the given ``text`` into the text field identified by ``locator``.</doc>
<msg timestamp="20210916 20:53:08.288" level="INFO">Typing text '13625' into text field 'id:postal-code'.</msg>
<status status="PASS" starttime="20210916 20:53:08.288" endtime="20210916 20:53:08.383"/>
</kw>
<kw name="Click Button" library="SeleniumLibrary">
<arg>id:continue</arg>
<doc>Clicks the button identified by ``locator``.</doc>
<msg timestamp="20210916 20:53:08.383" level="INFO">Clicking button 'id:continue'.</msg>
<status status="PASS" starttime="20210916 20:53:08.383" endtime="20210916 20:53:08.451"/>
</kw>
<kw name="Capture Element Screenshot" library="SeleniumLibrary">
<arg>xpath://*[@id="checkout_summary_container"]/div/div[2]</arg>
<doc>Captures a screenshot from the element identified by ``locator`` and embeds it into log file.</doc>
<msg timestamp="20210916 20:53:08.567" level="INFO" html="true">&lt;/td&gt;&lt;/tr&gt;&lt;tr&gt;&lt;td colspan="3"&gt;&lt;a href="screenshots/selenium-element-screenshot-6.png"&gt;&lt;img src="screenshots/selenium-element-screenshot-6.png" width="400px"&gt;&lt;/a&gt;</msg>
<status status="PASS" starttime="20210916 20:53:08.452" endtime="20210916 20:53:08.567"/>
</kw>
<kw name="Element Should Contain" library="SeleniumLibrary">
<arg>xpath://*[@id="checkout_summary_container"]/div/div[2]/div[7]</arg>
<arg>${CheckSum}</arg>
<doc>Verifies that element ``locator`` contains text ``expected``.</doc>
<msg timestamp="20210916 20:53:08.597" level="INFO">Element 'xpath://*[@id="checkout_summary_container"]/div/div[2]/div[7]' contains text '97.17'.</msg>
<status status="PASS" starttime="20210916 20:53:08.568" endtime="20210916 20:53:08.597"/>
</kw>
<kw name="Click Button" library="SeleniumLibrary">
<arg>id:finish</arg>
<doc>Clicks the button identified by ``locator``.</doc>
<msg timestamp="20210916 20:53:08.598" level="INFO">Clicking button 'id:finish'.</msg>
<status status="PASS" starttime="20210916 20:53:08.598" endtime="20210916 20:53:08.680"/>
</kw>
<kw name="Click Button" library="SeleniumLibrary">
<arg>id:back-to-products</arg>
<doc>Clicks the button identified by ``locator``.</doc>
<msg timestamp="20210916 20:53:08.683" level="INFO">Clicking button 'id:back-to-products'.</msg>
<status status="PASS" starttime="20210916 20:53:08.680" endtime="20210916 20:53:13.763"/>
</kw>
<status status="PASS" starttime="20210916 20:53:07.681" endtime="20210916 20:53:13.763"/>
</kw>
<kw name="Logout Attempt" library="resources2">
<kw name="Click Button" library="SeleniumLibrary">
<arg>id:react-burger-menu-btn</arg>
<doc>Clicks the button identified by ``locator``.</doc>
<msg timestamp="20210916 20:53:13.766" level="INFO">Clicking button 'id:react-burger-menu-btn'.</msg>
<status status="PASS" starttime="20210916 20:53:13.766" endtime="20210916 20:53:14.037"/>
</kw>
<kw name="Wait Until Element Is Visible" library="SeleniumLibrary">
<arg>id:logout_sidebar_link</arg>
<doc>Waits until the element ``locator`` is visible.</doc>
<status status="PASS" starttime="20210916 20:53:14.038" endtime="20210916 20:53:14.378"/>
</kw>
<kw name="Click Link" library="SeleniumLibrary">
<arg>id:logout_sidebar_link</arg>
<doc>Clicks a link identified by ``locator``.</doc>
<msg timestamp="20210916 20:53:14.379" level="INFO">Clicking link 'id:logout_sidebar_link'.</msg>
<status status="PASS" starttime="20210916 20:53:14.378" endtime="20210916 20:53:14.506"/>
</kw>
<status status="PASS" starttime="20210916 20:53:13.765" endtime="20210916 20:53:14.506"/>
</kw>
<kw name="Close Browser Window" library="resources2" type="TEARDOWN">
<kw name="Log" library="BuiltIn">
<arg>Finished testing.</arg>
<doc>Logs the given message with the given level.</doc>
<msg timestamp="20210916 20:53:14.509" level="INFO">Finished testing.</msg>
<status status="PASS" starttime="20210916 20:53:14.508" endtime="20210916 20:53:14.509"/>
</kw>
<kw name="Close Browser" library="SeleniumLibrary">
<doc>Closes the current browser.</doc>
<status status="PASS" starttime="20210916 20:53:14.509" endtime="20210916 20:53:16.735"/>
</kw>
<status status="PASS" starttime="20210916 20:53:14.507" endtime="20210916 20:53:16.735"/>
</kw>
<status status="PASS" starttime="20210916 20:52:42.064" endtime="20210916 20:53:16.735"/>
</test>
<status status="FAIL" starttime="20210916 20:52:09.129" endtime="20210916 20:53:16.735"/>
</suite>
<statistics>
<total>
<stat pass="2" fail="2" skip="0">All Tests</stat>
</total>
<tag>
</tag>
<suite>
<stat pass="2" fail="2" skip="0" id="s1" name="Saucedemo Test">Saucedemo Test</stat>
</suite>
</statistics>
<errors>
</errors>
</robot>
